d:\triangleordering\temp\paintgl\release\vc120.pdb
d:\triangleordering\temp\paintgl\release\tipsify.obj
d:\triangleordering\temp\paintgl\release\shapegenerator.obj
d:\triangleordering\temp\paintgl\release\string_extra.obj
d:\triangleordering\temp\paintgl\release\obj_parser.obj
d:\triangleordering\temp\paintgl\release\objloader.obj
d:\triangleordering\temp\paintgl\release\list.obj
d:\triangleordering\temp\paintgl\release\meglwindow.obj
d:\triangleordering\temp\paintgl\release\main.obj
d:\triangleordering\temp\paintgl\release\camera.obj
d:\triangleordering\temp\paintgl\release\ours.obj
d:\older-triangleordering\cplusplus\paintgl\release\vc120.pdb
d:\older-triangleordering\cplusplus\paintgl\release\tipsify.obj
d:\older-triangleordering\cplusplus\paintgl\release\shapegenerator.obj
d:\older-triangleordering\cplusplus\paintgl\release\ours.obj
d:\older-triangleordering\cplusplus\paintgl\release\string_extra.obj
d:\older-triangleordering\cplusplus\paintgl\release\obj_parser.obj
d:\older-triangleordering\cplusplus\paintgl\release\objloader.obj
d:\older-triangleordering\cplusplus\paintgl\release\list.obj
d:\older-triangleordering\cplusplus\paintgl\release\meglwindow.obj
d:\older-triangleordering\cplusplus\paintgl\release\main.obj
d:\older-triangleordering\cplusplus\paintgl\release\camera.obj
d:\triangleordering\temp\paintgl\release\paintgl.exe
d:\triangleordering\temp\paintgl\release\paintgl.pdb
d:\older-triangleordering\cplusplus\paintgl\release\paintgl.exe
d:\older-triangleordering\cplusplus\paintgl\release\paintgl.pdb
d:\older-triangleordering\cplusplus\paintgl\release\paint.obj
d:\older-triangleordering\cplusplus\paintgl\release\program.obj
d:\older-triangleordering\cplusplus\paintgl\release\shader.obj
d:\older-triangleordering\cplusplus\paintgl\release\paintgl.tlog\cl.command.1.tlog
d:\older-triangleordering\cplusplus\paintgl\release\paintgl.tlog\cl.read.1.tlog
d:\older-triangleordering\cplusplus\paintgl\release\paintgl.tlog\cl.write.1.tlog
d:\older-triangleordering\cplusplus\paintgl\release\paintgl.tlog\link.command.1.tlog
d:\older-triangleordering\cplusplus\paintgl\release\paintgl.tlog\link.read.1.tlog
d:\older-triangleordering\cplusplus\paintgl\release\paintgl.tlog\link.write.1.tlog
