Build started 4/8/2016 3:47:50 PM.
     1>Project "D:\TriangleOrdering\Temp\PaintGL\PaintGL.vcxproj" on node 2 (Rebuild target(s)).
     1>C:\Program Files (x86)\MSBuild\Microsoft.Cpp\v4.0\V120\Microsoft.CppBuild.targets(363,5): warning MSB8004: Intermediate Directory does not end with a trailing slash.  This build instance will add the slash as it is required to allow proper evaluation of the Intermediate Directory.
     1>ClCompile:
         C:\Program Files (x86)\Microsoft Visual Studio 12.0\VC\bin\CL.exe /c /ID:\TriangleOrdering\Temp\PaintGL\thirdparty\glew\include /ID:\TriangleOrdering\Temp\PaintGL\thirdparty\glfw\include /ID:\TriangleOrdering\Temp\PaintGL\thirdparty\glm /Zi /nologo /W3 /WX- /O2 /Oi /Oy- /GL /D WIN32 /D NDEBUG /D _CONSOLE /D _LIB /D _UNICODE /D UNICODE /Gm- /EHsc /MD /GS /Gy /fp:precise /Zc:wchar_t /Zc:forScope /Fo"Release\Tmp\\" /Fd"Release\Tmp\vc120.pdb" /Gd /TP /analyze- /errorReport:prompt camera\Camera.cpp main.cpp MeGLWindow.cpp objLoader\List.cpp objLoader\ObjLoader.cpp objLoader\Obj_parser.cpp objLoader\string_extra.cpp Ours.cpp Tipsify.cpp
         Camera.cpp
         GLM: rotate function taking degrees as a parameter is deprecated. #define GLM_FORCE_RADIANS before including GLM headers to remove this message.
         GLM: perspective function taking degrees as a parameter is deprecated. #define GLM_FORCE_RADIANS before including GLM headers to remove this message.
         main.cpp
     1>d:\triangleordering\temp\paintgl\objloader\obj_parser.h(14): warning C4091: 'typedef ' : ignored on left of 'obj_face' when no variable is declared
     1>d:\triangleordering\temp\paintgl\objloader\obj_parser.h(19): warning C4091: 'typedef ' : ignored on left of 'obj_vector' when no variable is declared
     1>d:\triangleordering\temp\paintgl\objloader\obj_parser.h(29): warning C4091: 'typedef ' : ignored on left of 'obj_growable_scene_data' when no variable is declared
     1>d:\triangleordering\temp\paintgl\objloader\obj_parser.h(38): warning C4091: 'typedef ' : ignored on left of 'obj_scene_data' when no variable is declared
     1>main.cpp(77): warning C4305: 'initializing' : truncation from 'double' to 'float'
         MeGLWindow.cpp
     1>MeGLWindow.cpp(78): warning C4244: 'initializing' : conversion from 'double' to 'int', possible loss of data
     1>MeGLWindow.cpp(91): warning C4244: 'initializing' : conversion from 'double' to 'int', possible loss of data
     1>MeGLWindow.cpp(95): warning C4244: 'argument' : conversion from 'float' to 'int', possible loss of data
     1>MeGLWindow.cpp(97): warning C4244: '=' : conversion from 'double' to 'float', possible loss of data
     1>MeGLWindow.cpp(101): warning C4244: 'argument' : conversion from 'float' to 'int', possible loss of data
     1>MeGLWindow.cpp(125): warning C4244: 'initializing' : conversion from 'double' to 'int', possible loss of data
     1>MeGLWindow.cpp(129): warning C4244: 'argument' : conversion from 'float' to 'int', possible loss of data
     1>MeGLWindow.cpp(131): warning C4244: '=' : conversion from 'double' to 'float', possible loss of data
     1>MeGLWindow.cpp(135): warning C4244: 'argument' : conversion from 'float' to 'int', possible loss of data
     1>MeGLWindow.cpp(317): warning C4244: 'initializing' : conversion from 'double' to 'int', possible loss of data
     1>MeGLWindow.cpp(334): warning C4244: '+=' : conversion from 'float' to 'int', possible loss of data
         List.cpp
     1>objLoader\List.cpp(60): warning C4996: 'strncpy': This function or variable may be unsafe. Consider using strncpy_s instead. To disable deprecation, use _CRT_SECURE_NO_WARNINGS. See online help for details.
                 C:\Program Files (x86)\Microsoft Visual Studio 12.0\VC\include\string.h(195) : see declaration of 'strncpy'
         ObjLoader.cpp
     1>d:\triangleordering\temp\paintgl\objloader\obj_parser.h(14): warning C4091: 'typedef ' : ignored on left of 'obj_face' when no variable is declared
     1>d:\triangleordering\temp\paintgl\objloader\obj_parser.h(19): warning C4091: 'typedef ' : ignored on left of 'obj_vector' when no variable is declared
     1>d:\triangleordering\temp\paintgl\objloader\obj_parser.h(29): warning C4091: 'typedef ' : ignored on left of 'obj_growable_scene_data' when no variable is declared
     1>d:\triangleordering\temp\paintgl\objloader\obj_parser.h(38): warning C4091: 'typedef ' : ignored on left of 'obj_scene_data' when no variable is declared
         Obj_parser.cpp
     1>d:\triangleordering\temp\paintgl\objloader\Obj_parser.h(14): warning C4091: 'typedef ' : ignored on left of 'obj_face' when no variable is declared
     1>d:\triangleordering\temp\paintgl\objloader\Obj_parser.h(19): warning C4091: 'typedef ' : ignored on left of 'obj_vector' when no variable is declared
     1>d:\triangleordering\temp\paintgl\objloader\Obj_parser.h(29): warning C4091: 'typedef ' : ignored on left of 'obj_growable_scene_data' when no variable is declared
     1>d:\triangleordering\temp\paintgl\objloader\Obj_parser.h(38): warning C4091: 'typedef ' : ignored on left of 'obj_scene_data' when no variable is declared
     1>objLoader\Obj_parser.cpp(51): warning C4996: 'strtok': This function or variable may be unsafe. Consider using strtok_s instead. To disable deprecation, use _CRT_SECURE_NO_WARNINGS. See online help for details.
                 C:\Program Files (x86)\Microsoft Visual Studio 12.0\VC\include\string.h(204) : see declaration of 'strtok'
     1>objLoader\Obj_parser.cpp(52): warning C4996: 'strtok': This function or variable may be unsafe. Consider using strtok_s instead. To disable deprecation, use _CRT_SECURE_NO_WARNINGS. See online help for details.
                 C:\Program Files (x86)\Microsoft Visual Studio 12.0\VC\include\string.h(204) : see declaration of 'strtok'
     1>objLoader\Obj_parser.cpp(53): warning C4996: 'strtok': This function or variable may be unsafe. Consider using strtok_s instead. To disable deprecation, use _CRT_SECURE_NO_WARNINGS. See online help for details.
                 C:\Program Files (x86)\Microsoft Visual Studio 12.0\VC\include\string.h(204) : see declaration of 'strtok'
     1>objLoader\Obj_parser.cpp(63): warning C4996: 'strtok': This function or variable may be unsafe. Consider using strtok_s instead. To disable deprecation, use _CRT_SECURE_NO_WARNINGS. See online help for details.
                 C:\Program Files (x86)\Microsoft Visual Studio 12.0\VC\include\string.h(204) : see declaration of 'strtok'
     1>objLoader\Obj_parser.cpp(110): warning C4996: 'fopen': This function or variable may be unsafe. Consider using fopen_s instead. To disable deprecation, use _CRT_SECURE_NO_WARNINGS. See online help for details.
                 C:\Program Files (x86)\Microsoft Visual Studio 12.0\VC\include\stdio.h(211) : see declaration of 'fopen'
     1>objLoader\Obj_parser.cpp(119): warning C4996: 'strtok': This function or variable may be unsafe. Consider using strtok_s instead. To disable deprecation, use _CRT_SECURE_NO_WARNINGS. See online help for details.
                 C:\Program Files (x86)\Microsoft Visual Studio 12.0\VC\include\string.h(204) : see declaration of 'strtok'
         string_extra.cpp
         Ours.cpp
     1>d:\triangleordering\temp\paintgl\objloader\obj_parser.h(14): warning C4091: 'typedef ' : ignored on left of 'obj_face' when no variable is declared
     1>d:\triangleordering\temp\paintgl\objloader\obj_parser.h(19): warning C4091: 'typedef ' : ignored on left of 'obj_vector' when no variable is declared
     1>d:\triangleordering\temp\paintgl\objloader\obj_parser.h(29): warning C4091: 'typedef ' : ignored on left of 'obj_growable_scene_data' when no variable is declared
     1>d:\triangleordering\temp\paintgl\objloader\obj_parser.h(38): warning C4091: 'typedef ' : ignored on left of 'obj_scene_data' when no variable is declared
     1>Ours.cpp(50): warning C4244: 'argument' : conversion from 'double' to 'int', possible loss of data
     1>Ours.cpp(52): warning C4244: 'argument' : conversion from 'double' to 'int', possible loss of data
     1>Ours.cpp(54): warning C4244: 'argument' : conversion from 'double' to 'int', possible loss of data
     1>Ours.cpp(238): warning C4101: 'y' : unreferenced local variable
     1>Ours.cpp(318): warning C4996: 'strcpy': This function or variable may be unsafe. Consider using strcpy_s instead. To disable deprecation, use _CRT_SECURE_NO_WARNINGS. See online help for details.
                 C:\Program Files (x86)\Microsoft Visual Studio 12.0\VC\include\string.h(112) : see declaration of 'strcpy'
     1>Ours.cpp(319): warning C4996: 'strcat': This function or variable may be unsafe. Consider using strcat_s instead. To disable deprecation, use _CRT_SECURE_NO_WARNINGS. See online help for details.
                 C:\Program Files (x86)\Microsoft Visual Studio 12.0\VC\include\string.h(118) : see declaration of 'strcat'
     1>Ours.cpp(320): warning C4996: 'strcat': This function or variable may be unsafe. Consider using strcat_s instead. To disable deprecation, use _CRT_SECURE_NO_WARNINGS. See online help for details.
                 C:\Program Files (x86)\Microsoft Visual Studio 12.0\VC\include\string.h(118) : see declaration of 'strcat'
     1>Ours.cpp(321): warning C4996: 'strcat': This function or variable may be unsafe. Consider using strcat_s instead. To disable deprecation, use _CRT_SECURE_NO_WARNINGS. See online help for details.
                 C:\Program Files (x86)\Microsoft Visual Studio 12.0\VC\include\string.h(118) : see declaration of 'strcat'
     1>Ours.cpp(322): warning C4996: 'strcat': This function or variable may be unsafe. Consider using strcat_s instead. To disable deprecation, use _CRT_SECURE_NO_WARNINGS. See online help for details.
                 C:\Program Files (x86)\Microsoft Visual Studio 12.0\VC\include\string.h(118) : see declaration of 'strcat'
     1>Ours.cpp(333): warning C4996: 'strcpy': This function or variable may be unsafe. Consider using strcpy_s instead. To disable deprecation, use _CRT_SECURE_NO_WARNINGS. See online help for details.
                 C:\Program Files (x86)\Microsoft Visual Studio 12.0\VC\include\string.h(112) : see declaration of 'strcpy'
     1>Ours.cpp(334): warning C4996: 'strcat': This function or variable may be unsafe. Consider using strcat_s instead. To disable deprecation, use _CRT_SECURE_NO_WARNINGS. See online help for details.
                 C:\Program Files (x86)\Microsoft Visual Studio 12.0\VC\include\string.h(118) : see declaration of 'strcat'
     1>Ours.cpp(335): warning C4996: 'itoa': The POSIX name for this item is deprecated. Instead, use the ISO C++ conformant name: _itoa. See online help for details.
                 C:\Program Files (x86)\Microsoft Visual Studio 12.0\VC\include\stdlib.h(937) : see declaration of 'itoa'
     1>Ours.cpp(336): warning C4996: 'strcat': This function or variable may be unsafe. Consider using strcat_s instead. To disable deprecation, use _CRT_SECURE_NO_WARNINGS. See online help for details.
                 C:\Program Files (x86)\Microsoft Visual Studio 12.0\VC\include\string.h(118) : see declaration of 'strcat'
     1>Ours.cpp(337): warning C4996: 'strcat': This function or variable may be unsafe. Consider using strcat_s instead. To disable deprecation, use _CRT_SECURE_NO_WARNINGS. See online help for details.
                 C:\Program Files (x86)\Microsoft Visual Studio 12.0\VC\include\string.h(118) : see declaration of 'strcat'
     1>Ours.cpp(363): warning C4244: '=' : conversion from 'double' to 'float', possible loss of data
     1>Ours.cpp(378): warning C4996: 'strcpy': This function or variable may be unsafe. Consider using strcpy_s instead. To disable deprecation, use _CRT_SECURE_NO_WARNINGS. See online help for details.
                 C:\Program Files (x86)\Microsoft Visual Studio 12.0\VC\include\string.h(112) : see declaration of 'strcpy'
     1>Ours.cpp(379): warning C4996: 'strcat': This function or variable may be unsafe. Consider using strcat_s instead. To disable deprecation, use _CRT_SECURE_NO_WARNINGS. See online help for details.
                 C:\Program Files (x86)\Microsoft Visual Studio 12.0\VC\include\string.h(118) : see declaration of 'strcat'
     1>Ours.cpp(380): warning C4996: 'strcat': This function or variable may be unsafe. Consider using strcat_s instead. To disable deprecation, use _CRT_SECURE_NO_WARNINGS. See online help for details.
                 C:\Program Files (x86)\Microsoft Visual Studio 12.0\VC\include\string.h(118) : see declaration of 'strcat'
     1>Ours.cpp(381): warning C4996: 'strcat': This function or variable may be unsafe. Consider using strcat_s instead. To disable deprecation, use _CRT_SECURE_NO_WARNINGS. See online help for details.
                 C:\Program Files (x86)\Microsoft Visual Studio 12.0\VC\include\string.h(118) : see declaration of 'strcat'
     1>Ours.cpp(382): warning C4996: 'strcat': This function or variable may be unsafe. Consider using strcat_s instead. To disable deprecation, use _CRT_SECURE_NO_WARNINGS. See online help for details.
                 C:\Program Files (x86)\Microsoft Visual Studio 12.0\VC\include\string.h(118) : see declaration of 'strcat'
     1>Ours.cpp(383): warning C4996: 'strcat': This function or variable may be unsafe. Consider using strcat_s instead. To disable deprecation, use _CRT_SECURE_NO_WARNINGS. See online help for details.
                 C:\Program Files (x86)\Microsoft Visual Studio 12.0\VC\include\string.h(118) : see declaration of 'strcat'
     1>Ours.cpp(387): warning C4996: 'fopen': This function or variable may be unsafe. Consider using fopen_s instead. To disable deprecation, use _CRT_SECURE_NO_WARNINGS. See online help for details.
                 C:\Program Files (x86)\Microsoft Visual Studio 12.0\VC\include\stdio.h(211) : see declaration of 'fopen'
     1>Ours.cpp(390): warning C4996: 'fscanf': This function or variable may be unsafe. Consider using fscanf_s instead. To disable deprecation, use _CRT_SECURE_NO_WARNINGS. See online help for details.
                 C:\Program Files (x86)\Microsoft Visual Studio 12.0\VC\include\stdio.h(230) : see declaration of 'fscanf'
     1>Ours.cpp(398): warning C4996: 'strcpy': This function or variable may be unsafe. Consider using strcpy_s instead. To disable deprecation, use _CRT_SECURE_NO_WARNINGS. See online help for details.
                 C:\Program Files (x86)\Microsoft Visual Studio 12.0\VC\include\string.h(112) : see declaration of 'strcpy'
     1>Ours.cpp(399): warning C4996: 'strcat': This function or variable may be unsafe. Consider using strcat_s instead. To disable deprecation, use _CRT_SECURE_NO_WARNINGS. See online help for details.
                 C:\Program Files (x86)\Microsoft Visual Studio 12.0\VC\include\string.h(118) : see declaration of 'strcat'
         Tipsify.cpp
       Link:
         C:\Program Files (x86)\Microsoft Visual Studio 12.0\VC\bin\link.exe /ERRORREPORT:PROMPT /OUT:"D:\TriangleOrdering\Temp\PaintGL\Release\PaintGL.exe" /INCREMENTAL:NO /NOLOGO /LIBPATH:D:\TriangleOrdering\Temp\PaintGL\thirdparty\glew\lib /LIBPATH:D:\TriangleOrdering\Temp\PaintGL\thirdparty\glfw\lib glew32.lib glfw3.lib opengl32.lib kernel32.lib user32.lib gdi32.lib winspool.lib comdlg32.lib advapi32.lib shell32.lib ole32.lib oleaut32.lib uuid.lib odbc32.lib odbccp32.lib kernel32.lib user32.lib gdi32.lib winspool.lib comdlg32.lib advapi32.lib shell32.lib ole32.lib oleaut32.lib uuid.lib odbc32.lib odbccp32.lib /MANIFEST /MANIFESTUAC:"level='asInvoker' uiAccess='false'" /manifest:embed /DEBUG /PDB:"D:\TriangleOrdering\Temp\PaintGL\Release\PaintGL.pdb" /SUBSYSTEM:CONSOLE /STACK:"160000000","160000000" /OPT:REF /OPT:ICF /LTCG /TLBID:1 /DYNAMICBASE /NXCOMPAT /IMPLIB:"D:\TriangleOrdering\Temp\PaintGL\Release\PaintGL.lib" /MACHINE:X86 /SAFESEH Release\Tmp\Camera.obj
         Release\Tmp\main.obj
         Release\Tmp\MeGLWindow.obj
         Release\Tmp\List.obj
         Release\Tmp\ObjLoader.obj
         Release\Tmp\Obj_parser.obj
         Release\Tmp\string_extra.obj
         Release\Tmp\Ours.obj
         Release\Tmp\Tipsify.obj
         Generating code
     1>d:\triangleordering\temp\paintgl\objloader\obj_parser.cpp(178): warning C4715: 'parse_obj_scene' : not all control paths return a value
         Finished generating code
         PaintGL.vcxproj -> D:\TriangleOrdering\Temp\PaintGL\Release\PaintGL.exe
     1>Done Building Project "D:\TriangleOrdering\Temp\PaintGL\PaintGL.vcxproj" (Rebuild target(s)).

Build succeeded.

Time Elapsed 00:00:03.24
